<?xml version="1.0" encoding="UTF-8"?>
<!-- Generated by org.testng.reporters.JUnitReportReporter -->
<testsuite hostname="Alan" failures="0" tests="7" name="StepDefinition.TestRunner" time="104.949" errors="0" timestamp="2022-04-03T17:13:03 AEST" skipped="0">
  <testcase classname="StepDefinition.TestRunner" name="runScenario" time="14.150"/>
  <system-out/>
  <testcase classname="StepDefinition.TestRunner" name="runScenario" time="23.514"/>
  <system-out/>
  <testcase classname="StepDefinition.TestRunner" name="runScenario" time="13.771"/>
  <system-out/>
  <testcase classname="StepDefinition.TestRunner" name="runScenario" time="12.048"/>
  <system-out/>
  <testcase classname="StepDefinition.TestRunner" name="runScenario" time="10.400"/>
  <system-out/>
  <testcase classname="StepDefinition.TestRunner" name="runScenario" time="11.194"/>
  <system-out/>
  <testcase classname="StepDefinition.TestRunner" name="runScenario" time="19.872"/>
  <system-out/>
</testsuite> <!-- StepDefinition.TestRunner -->
